
ROM used:   517/8192 (6%)
            517/8192 (6%) including unused fragments

            0.5 Average locations per line
            4.5 Average locations per statement

RAM used:   7/368 (2%) at main() level
            25/368 (7%) worst case

Stack used: 5 worst case (5 in main + 0 for interrupts)
Stack size: 8

Lines Stmts  %   Files
----- ----- ---  -----
   52    30  26  main.c
   10     0   0  main.h
  588     0   0  ..\..\..\..\..\..\..\..\Program Files (x86)\PICC\Devices\16F876.h
  456    84  74  ..\..\..\..\..\..\..\..\Program Files (x86)\PICC\Drivers\lcd.c
----- -----
 1106   114 Total

Page ROM  %  RAM   Vol Diff  Functions:
---- --- --- ---   --- ----  ----------
0     21   4    1             @delay_ms1
 Inline         3   596  5.9  lcd_read_byte
0      6   1    0    59  4.2  lcd_read_nibble
0     12   2    1   179  3.3  lcd_send_nibble
0     64  12    3   460  4.7  lcd_send_byte
0     62  12    6   814  7.2  lcd_init
0     18   3    4   208  6.3  lcd_gotoxy
0     44   9    1   354  4.7  lcd_putc
0    157  30    1  1067  7.9  MAIN
0      8   2    0             @const637
0     86  17    4             @PSTRINGC7_620
0      9   2    0             @const639
0      8   2    0             @const641
0     10   2    0             @const642
0      8   2    0             @const644
 Inline         0             @cinit1

Program metrics:
    Functions               8
    Statements              114
    Comments                206
    Volume (V)              5547
    Difficulty (D)          42.0
    Effort to implement (E) 233198
    Time to implement (T)   3 hours, 36 minutes
    Est Delivered Bugs (B)  1
    Cyclomatic Complexity   12
    Maintainability (MI)    144

 Segment     Used  Free
-----------  ----  ----
00000-00003     4  0  
00004-007FF   513  1531  
00800-00FFF     0  2048  
01000-017FF     0  2048  
01800-01FFF     0  2048  



